<?xml version="1.0" encoding="UTF-8"?>
<coverage generated="1742610711518" clover="3.2.0">
  <project timestamp="1742610711518" name="All files">
    <metrics statements="22" coveredstatements="22" conditionals="8" coveredconditionals="8" methods="8" coveredmethods="8" elements="38" coveredelements="38" complexity="0" loc="22" ncloc="22" packages="1" files="1" classes="1"/>
    <file name="searchIndex.js" path="/Users/manastankala/TechBRTinyWebSearchEngine/searchIndex.js">
      <metrics statements="22" coveredstatements="22" conditionals="8" coveredconditionals="8" methods="8" coveredmethods="8"/>
      <line num="2" count="5" type="stmt"/>
      <line num="6" count="7" type="stmt"/>
      <line num="7" count="7" type="stmt"/>
      <line num="8" count="7" type="stmt"/>
      <line num="10" count="7" type="stmt"/>
      <line num="11" count="53" type="cond" truecount="2" falsecount="0"/>
      <line num="12" count="50" type="stmt"/>
      <line num="14" count="53" type="stmt"/>
      <line num="19" count="1" type="stmt"/>
      <line num="20" count="1" type="stmt"/>
      <line num="24" count="3" type="stmt"/>
      <line num="25" count="21" type="cond" truecount="2" falsecount="0"/>
      <line num="26" count="20" type="stmt"/>
      <line num="27" count="20" type="cond" truecount="2" falsecount="0"/>
      <line num="28" count="17" type="stmt"/>
      <line num="35" count="7" type="stmt"/>
      <line num="40" count="7" type="stmt"/>
      <line num="41" count="7" type="stmt"/>
      <line num="42" count="7" type="stmt"/>
      <line num="43" count="7" type="stmt"/>
      <line num="44" count="59" type="cond" truecount="2" falsecount="0"/>
      <line num="48" count="1" type="stmt"/>
    </file>
  </project>
</coverage>
