{"/Users/manastankala/TechBRTinyWebSearchEngine/searchIndex.js": {"path":"/Users/manastankala/TechBRTinyWebSearchEngine/searchIndex.js","statementMap":{"0":{"start":{"line":2,"column":2},"end":{"line":2,"column":12}},"1":{"start":{"line":6,"column":28},"end":{"line":6,"column":56}},"2":{"start":{"line":7,"column":16},"end":{"line":7,"column":52}},"3":{"start":{"line":8,"column":22},"end":{"line":8,"column":63}},"4":{"start":{"line":10,"column":2},"end":{"line":15,"column":5}},"5":{"start":{"line":11,"column":4},"end":{"line":13,"column":5}},"6":{"start":{"line":12,"column":6},"end":{"line":12,"column":33}},"7":{"start":{"line":14,"column":4},"end":{"line":14,"column":28}},"8":{"start":{"line":19,"column":2},"end":{"line":19,"column":34}},"9":{"start":{"line":20,"column":2},"end":{"line":20,"column":42}},"10":{"start":{"line":24,"column":2},"end":{"line":31,"column":3}},"11":{"start":{"line":25,"column":4},"end":{"line":30,"column":5}},"12":{"start":{"line":26,"column":6},"end":{"line":26,"column":33}},"13":{"start":{"line":27,"column":6},"end":{"line":29,"column":7}},"14":{"start":{"line":28,"column":8},"end":{"line":28,"column":30}},"15":{"start":{"line":35,"column":2},"end":{"line":35,"column":24}},"16":{"start":{"line":40,"column":14},"end":{"line":40,"column":25}},"17":{"start":{"line":41,"column":24},"end":{"line":41,"column":43}},"18":{"start":{"line":42,"column":19},"end":{"line":42,"column":54}},"19":{"start":{"line":43,"column":20},"end":{"line":43,"column":75}},"20":{"start":{"line":44,"column":2},"end":{"line":44,"column":79}},"21":{"start":{"line":44,"column":37},"end":{"line":44,"column":77}},"22":{"start":{"line":48,"column":0},"end":{"line":54,"column":2}}},"fnMap":{"0":{"name":"createIndex","decl":{"start":{"line":1,"column":9},"end":{"line":1,"column":20}},"loc":{"start":{"line":1,"column":23},"end":{"line":3,"column":1}},"line":1},"1":{"name":"addPageToIndex","decl":{"start":{"line":5,"column":9},"end":{"line":5,"column":23}},"loc":{"start":{"line":5,"column":49},"end":{"line":16,"column":1}},"line":5},"2":{"name":"(anonymous_2)","decl":{"start":{"line":10,"column":22},"end":{"line":10,"column":23}},"loc":{"start":{"line":10,"column":35},"end":{"line":15,"column":3}},"line":10},"3":{"name":"updatePageInIndex","decl":{"start":{"line":18,"column":9},"end":{"line":18,"column":26}},"loc":{"start":{"line":18,"column":52},"end":{"line":21,"column":1}},"line":18},"4":{"name":"removePageFromIndex","decl":{"start":{"line":23,"column":9},"end":{"line":23,"column":28}},"loc":{"start":{"line":23,"column":41},"end":{"line":32,"column":1}},"line":23},"5":{"name":"getPagesForKeyword","decl":{"start":{"line":34,"column":9},"end":{"line":34,"column":27}},"loc":{"start":{"line":34,"column":44},"end":{"line":36,"column":1}},"line":34},"6":{"name":"extractKeywords","decl":{"start":{"line":38,"column":9},"end":{"line":38,"column":24}},"loc":{"start":{"line":38,"column":38},"end":{"line":46,"column":1}},"line":38},"7":{"name":"(anonymous_7)","decl":{"start":{"line":44,"column":27},"end":{"line":44,"column":28}},"loc":{"start":{"line":44,"column":37},"end":{"line":44,"column":77}},"line":44}},"branchMap":{"0":{"loc":{"start":{"line":11,"column":4},"end":{"line":13,"column":5}},"type":"if","locations":[{"start":{"line":11,"column":4},"end":{"line":13,"column":5}},{"start":{},"end":{}}],"line":11},"1":{"loc":{"start":{"line":25,"column":4},"end":{"line":30,"column":5}},"type":"if","locations":[{"start":{"line":25,"column":4},"end":{"line":30,"column":5}},{"start":{},"end":{}}],"line":25},"2":{"loc":{"start":{"line":27,"column":6},"end":{"line":29,"column":7}},"type":"if","locations":[{"start":{"line":27,"column":6},"end":{"line":29,"column":7}},{"start":{},"end":{}}],"line":27},"3":{"loc":{"start":{"line":44,"column":37},"end":{"line":44,"column":77}},"type":"binary-expr","locations":[{"start":{"line":44,"column":37},"end":{"line":44,"column":48}},{"start":{"line":44,"column":52},"end":{"line":44,"column":77}}],"line":44}},"s":{"0":5,"1":7,"2":7,"3":7,"4":7,"5":53,"6":50,"7":53,"8":1,"9":1,"10":3,"11":21,"12":20,"13":20,"14":17,"15":7,"16":7,"17":7,"18":7,"19":7,"20":7,"21":59,"22":1},"f":{"0":5,"1":7,"2":53,"3":1,"4":3,"5":7,"6":7,"7":59},"b":{"0":[50,3],"1":[20,1],"2":[17,3],"3":[59,59]},"_coverageSchema":"1a1c01bbd47fc00a2c39e90264f33305004495a9","hash":"9c5d4867dfaf80b3e049ecdf3109d6999a145363"}
}
