TN:
SF:searchIndex.js
FN:1,createIndex
FN:5,addPageToIndex
FN:10,(anonymous_2)
FN:18,updatePageInIndex
FN:23,removePageFromIndex
FN:34,getPagesForKeyword
FN:38,extractKeywords
FN:44,(anonymous_7)
FNF:8
FNH:8
FNDA:5,createIndex
FNDA:7,addPageToIndex
FNDA:53,(anonymous_2)
FNDA:1,updatePageInIndex
FNDA:3,removePageFromIndex
FNDA:7,getPagesForKeyword
FNDA:7,extractKeywords
FNDA:59,(anonymous_7)
DA:2,5
DA:6,7
DA:7,7
DA:8,7
DA:10,7
DA:11,53
DA:12,50
DA:14,53
DA:19,1
DA:20,1
DA:24,3
DA:25,21
DA:26,20
DA:27,20
DA:28,17
DA:35,7
DA:40,7
DA:41,7
DA:42,7
DA:43,7
DA:44,59
DA:48,1
LF:22
LH:22
BRDA:11,0,0,50
BRDA:11,0,1,3
BRDA:25,1,0,20
BRDA:25,1,1,1
BRDA:27,2,0,17
BRDA:27,2,1,3
BRDA:44,3,0,59
BRDA:44,3,1,59
BRF:8
BRH:8
end_of_record
